Starting Build at 22:07:04,13 
### Running schema\drop_schemas.sql... 
psql:schema/drop_schemas.sql:1: NOTICE:  drop cascades to 5 other objects
DETAIL:  drop cascades to table address.address
drop cascades to constraint spatial_unit_address_address_id_fk90 on table cadastre.spatial_unit_address
drop cascades to constraint party_address_id_fk10 on table party.party
drop cascades to view application.systematic_registration_certificates
drop cascades to table address.address_historic
psql:schema/drop_schemas.sql:2: NOTICE:  drop cascades to 27 other objects
DETAIL:  drop cascades to function party.is_rightholder(character varying)
drop cascades to table party.party
drop cascades to view administrative.sys_reg_owner_name
drop cascades to view administrative.sys_reg_state_land
drop cascades to view application.cancel_notification
drop cascades to constraint ba_unit_as_party_party_id_fk72 on table administrative.ba_unit_as_party
drop cascades to constraint party_for_rrr_party_id_fk82 on table administrative.party_for_rrr
drop cascades to constraint application_agent_id_fk8 on table application.application
drop cascades to constraint application_contact_person_id_fk14 on table application.application
drop cascades to constraint notify_party_id_fk on table application.notify
drop cascades to table party.communication_type
drop cascades to table party.gender_type
drop cascades to constraint fk_party_gender on table opentenure.party
drop cascades to table party.group_party
drop cascades to table party.group_party_historic
drop cascades to table party.group_party_type
drop cascades to table party.id_type
drop cascades to constraint fk_party_id_type on table opentenure.party
drop cascades to table party.party_historic
drop cascades to table party.party_member
drop cascades to table party.party_member_historic
drop cascades to table party.party_role
drop cascades to table party.party_role_historic
drop cascades to table party.party_role_type
drop cascades to table party.party_type
drop cascades to table party.source_describes_party
drop cascades to table party.source_describes_party_historic
psql:schema/drop_schemas.sql:3: NOTICE:  drop cascades to 4 other objects
DETAIL:  drop cascades to table document.document
drop cascades to table document.document_chunk
drop cascades to table document.document_historic
drop cascades to sequence document.document_nr_seq
psql:schema/drop_schemas.sql:4: NOTICE:  drop cascades to 23 other objects
DETAIL:  drop cascades to function source.f_for_tbl_source_trg_change_of_status()
drop cascades to table source.administrative_source_type
drop cascades to constraint request_type_requires_source_type_source_type_code_fk128 on table application.request_type_requires_source_type
drop cascades to constraint fk_document_type_code on table opentenure.attachment
drop cascades to table source.archive
drop cascades to table source.archive_historic
drop cascades to table source.availability_status_type
drop cascades to table source.power_of_attorney
drop cascades to table source.power_of_attorney_historic
drop cascades to table source.presentation_form_type
drop cascades to table source.source
drop cascades to constraint source_describes_ba_unit_source_id_fk51 on table administrative.source_describes_ba_unit
drop cascades to constraint source_describes_rrr_source_id_fk49 on table administrative.source_describes_rrr
drop cascades to constraint application_uses_source_source_id_fk127 on table application.application_uses_source
drop cascades to constraint notify_uses_source_source_id_fk on table application.notify_uses_source
drop cascades to constraint transaction_source_source_id_fk101 on table transaction.transaction_source
drop cascades to table source.source_historic
drop cascades to sequence source.source_la_nr_seq
drop cascades to table source.spatial_source
drop cascades to table source.spatial_source_historic
drop cascades to table source.spatial_source_measurement
drop cascades to table source.spatial_source_measurement_historic
drop cascades to table source.spatial_source_type
psql:schema/drop_schemas.sql:5: NOTICE:  drop cascades to 5 other objects
DETAIL:  drop cascades to function bulk_operation.clean_after_rollback()
drop cascades to function bulk_operation.move_cadastre_objects(character varying,character varying)
drop cascades to function bulk_operation.move_other_objects(character varying,character varying)
drop cascades to function bulk_operation.move_spatial_units(character varying,character varying)
drop cascades to table bulk_operation.spatial_unit_temporary
psql:schema/drop_schemas.sql:6: NOTICE:  drop cascades to 21 other objects
DETAIL:  drop cascades to table transaction.transaction
drop cascades to view administrative.systematic_registration_listing
drop cascades to constraint ba_unit_target_transaction_id_fk84 on table administrative.ba_unit_target
drop cascades to constraint ba_unit_transaction_id_fk40 on table administrative.ba_unit
drop cascades to constraint notation_transaction_id_fk73 on table administrative.notation
drop cascades to constraint rrr_transaction_id_fk44 on table administrative.rrr
drop cascades to constraint cadastre_object_node_target_transaction_id_fk102 on table cadastre.cadastre_object_node_target
drop cascades to constraint cadastre_object_target_transaction_id_fk98 on table cadastre.cadastre_object_target
drop cascades to constraint cadastre_object_transaction_id_fk65 on table cadastre.cadastre_object
drop cascades to constraint spatial_unit_transaction_id_fk67 on table cadastre.spatial_unit
drop cascades to constraint survey_point_transaction_id_fk99 on table cadastre.survey_point
drop cascades to table transaction.reg_status_type
drop cascades to constraint ba_unit_status_code_fk39 on table administrative.ba_unit
drop cascades to constraint notation_status_code_fk74 on table administrative.notation
drop cascades to constraint rrr_status_code_fk43 on table administrative.rrr
drop cascades to constraint cadastre_object_status_code_fk63 on table cadastre.cadastre_object
drop cascades to constraint br_validation_target_reg_moment_fk115 on table system.br_validation
drop cascades to table transaction.transaction_historic
drop cascades to table transaction.transaction_source
drop cascades to table transaction.transaction_source_historic
drop cascades to table transaction.transaction_status_type
psql:schema/drop_schemas.sql:7: NOTICE:  drop cascades to 60 other objects
DETAIL:  drop cascades to function cadastre.add_topo_points(geometry,geometry)
drop cascades to function cadastre.f_for_tbl_cadastre_object_trg_geommodify()
drop cascades to function cadastre.f_for_tbl_cadastre_object_trg_new()
drop cascades to function cadastre.f_for_tbl_cadastre_object_trg_remove()
drop cascades to function cadastre.generate_spatial_unit_group_name(geometry,integer,character varying)
drop cascades to function cadastre.get_map_center_label(geometry)
drop cascades to function cadastre.get_new_cadastre_object_identifier_first_part(character varying,character varying)
drop cascades to function cadastre.get_new_cadastre_object_identifier_last_part(geometry,character varying)
drop cascades to function cadastre.snap_geometry_to_geometry(geometry,geometry,double precision,boolean)
drop cascades to table cadastre.cadastre_object
drop cascades to constraint ba_unit_contains_spatial_unit_spatial_unit_id_fk70 on table administrative.ba_unit_contains_spatial_unit
drop cascades to constraint application_spatial_unit_spatial_unit_id_fk131 on table application.application_spatial_unit
drop cascades to table cadastre.land_use_type
drop cascades to constraint application_property_land_use_code_fk125 on table application.application_property
drop cascades to constraint fk_claim_land_use_type on table opentenure.claim
drop cascades to table cadastre.spatial_value_area
drop cascades to table cadastre.lga_type
drop cascades to table cadastre.spatial_unit_address
drop cascades to table cadastre.zone_type
drop cascades to constraint rrr_zone_type_code_fk46 on table administrative.rrr
drop cascades to table cadastre.area_type
drop cascades to constraint ba_unit_area_type_code_fk78 on table administrative.ba_unit_area
drop cascades to table cadastre.building_unit_type
drop cascades to table cadastre.cadastre_object_historic
drop cascades to table cadastre.cadastre_object_node_target
drop cascades to table cadastre.cadastre_object_node_target_historic
drop cascades to table cadastre.cadastre_object_target
drop cascades to table cadastre.cadastre_object_target_historic
drop cascades to table cadastre.cadastre_object_type
drop cascades to table cadastre.dimension_type
drop cascades to table cadastre.spatial_unit_group
drop cascades to view cadastre.hierarchy
drop cascades to table cadastre.hierarchy_level
drop cascades to table cadastre.legal_space_utility_network
drop cascades to table cadastre.legal_space_utility_network_historic
drop cascades to table cadastre.level
drop cascades to table cadastre.level_config_map_layer
drop cascades to table cadastre.level_content_type
drop cascades to table cadastre.level_historic
drop cascades to view cadastre.lga
drop cascades to table cadastre.spatial_unit
drop cascades to constraint ba_unit_contains_spatial_unit_spatial_unit_id_fk69 on table administrative.ba_unit_contains_spatial_unit
drop cascades to view cadastre.place_name
drop cascades to table cadastre.register_type
drop cascades to view cadastre.road
drop cascades to table cadastre.spatial_unit_address_historic
drop cascades to table cadastre.spatial_unit_group_historic
drop cascades to table cadastre.spatial_unit_historic
drop cascades to table cadastre.spatial_unit_in_group
drop cascades to table cadastre.spatial_unit_in_group_historic
drop cascades to table cadastre.spatial_value_area_historic
drop cascades to table cadastre.structure_type
drop cascades to table cadastre.surface_relation_type
drop cascades to view cadastre.survey_control
drop cascades to table cadastre.survey_point
drop cascades to table cadastre.survey_point_historic
drop cascades to table cadastre.utility_network_status_type
drop cascades to table cadastre.utility_network_type
drop cascades to view cadastre.ward
drop cascades to function cadastre.cadastre_object_name_is_valid(character varying,character varying)
psql:schema/drop_schemas.sql:8: NOTICE:  drop cascades to 52 other objects
DETAIL:  drop cascades to function system.check_brs(character varying,character varying[])
drop cascades to function system.consolidation_consolidate(character varying,character varying)
drop cascades to function system.consolidation_extract(character varying,boolean,character varying)
drop cascades to function system.get_already_consolidated_records()
drop cascades to function system.get_setting(character varying)
drop cascades to function system.process_log_update(character varying)
drop cascades to function system.process_progress_get(character varying)
drop cascades to function system.process_progress_get_in_percentage(character varying)
drop cascades to function system.process_progress_set(character varying,integer)
drop cascades to function system.process_progress_start(character varying,integer)
drop cascades to function system.process_progress_stop(character varying)
drop cascades to function system.setpassword(character varying,character varying,character varying)
drop cascades to table system.config_map_layer_metadata
drop cascades to table system.setting
drop cascades to table system.approle_appgroup
drop cascades to table system.appuser
drop cascades to constraint application_assignee_id_fk15 on table application.application
drop cascades to table system.appuser_appgroup
drop cascades to table system.appuser_historic
drop cascades to view system.user_roles
drop cascades to view system.user_pword_expiry
drop cascades to view system.active_users
drop cascades to table system.appgroup
drop cascades to table system.approle
drop cascades to table system.approle_appgroup_historic
drop cascades to table system.appuser_appgroup_historic
drop cascades to table system.appuser_setting
drop cascades to table system.br
drop cascades to table system.br_definition
drop cascades to view system.br_current
drop cascades to table system.br_validation
drop cascades to view system.br_report
drop cascades to table system.br_severity_type
drop cascades to table system.br_technical_type
drop cascades to table system.br_validation_target_type
drop cascades to table system.config_map_layer
drop cascades to table system.config_map_layer_type
drop cascades to table system.config_panel_launcher
drop cascades to constraint rrr_type_config_panel_launcher_fkey on table administrative.rrr_type
drop cascades to constraint request_type_config_panel_launcher_fkey on table application.request_type
drop cascades to table system.consolidation_config
drop cascades to table system.crs
drop cascades to table system.email
drop cascades to table system.extracted_rows
drop cascades to table system.language
drop cascades to table system.map_search_option
drop cascades to table system.panel_launcher_group
drop cascades to sequence system.process_consolidate
drop cascades to sequence system.process_extract
drop cascades to table system.query
drop cascades to table system.query_field
drop cascades to table system.version
psql:schema/drop_schemas.sql:9: NOTICE:  drop cascades to 59 other objects
DETAIL:  drop cascades to function administrative.ba_unit_name_is_valid(character varying,character varying)
drop cascades to function administrative.f_for_tbl_rrr_trg_change_from_pending()
drop cascades to function administrative.get_ba_unit_pending_action(character varying)
drop cascades to function administrative.get_calculated_area_size_action(character varying)
drop cascades to function administrative.get_concatenated_name(character varying)
drop cascades to function administrative.get_objections(character varying)
drop cascades to function administrative.get_parcel_ownergender(character varying,character varying)
drop cascades to function administrative.get_parcel_ownernames(character varying)
drop cascades to function administrative.getsysregmanagement(character varying,character varying,character varying)
drop cascades to function administrative.getsysregprogress(character varying,character varying,character varying)
drop cascades to function administrative.getsysregstatus(character varying,character varying,character varying)
drop cascades to table administrative.ba_unit
drop cascades to constraint application_property_ba_unit_id_fk124 on table application.application_property
drop cascades to constraint notify_property_ba_unit_id_fk on table application.notify_property
drop cascades to table administrative.ba_unit_area
drop cascades to table administrative.ba_unit_area_historic
drop cascades to table administrative.ba_unit_as_party
drop cascades to table administrative.ba_unit_contains_spatial_unit
drop cascades to table administrative.ba_unit_contains_spatial_unit_historic
drop cascades to table administrative.ba_unit_detail
drop cascades to table administrative.ba_unit_detail_historic
drop cascades to table administrative.ba_unit_detail_type
drop cascades to sequence administrative.ba_unit_first_name_part_seq
drop cascades to table administrative.ba_unit_historic
drop cascades to sequence administrative.ba_unit_last_name_part_seq
drop cascades to table administrative.ba_unit_rel_type
drop cascades to table administrative.ba_unit_target
drop cascades to table administrative.ba_unit_target_historic
drop cascades to table administrative.ba_unit_type
drop cascades to table administrative.lease_condition_template
drop cascades to table administrative.lease_condition_template_historic
drop cascades to table administrative.mortgage_isbased_in_rrr
drop cascades to table administrative.mortgage_isbased_in_rrr_historic
drop cascades to table administrative.mortgage_type
drop cascades to table administrative.notation
drop cascades to table administrative.notation_historic
drop cascades to sequence administrative.notation_reference_nr_seq
drop cascades to table administrative.party_for_rrr
drop cascades to table administrative.party_for_rrr_historic
drop cascades to table administrative.required_relationship_baunit
drop cascades to table administrative.required_relationship_baunit_historic
drop cascades to table administrative.rrr
drop cascades to view application.notifiable_party_for_baunit
drop cascades to table administrative.rrr_group_type
drop cascades to table administrative.rrr_historic
drop cascades to sequence administrative.rrr_nr_seq
drop cascades to table administrative.rrr_occupancy_type
drop cascades to table administrative.rrr_share
drop cascades to table administrative.rrr_share_historic
drop cascades to table administrative.rrr_type
drop cascades to constraint request_type_rrr_type_code_fk21 on table application.request_type
drop cascades to constraint claim_fk_type_code on table opentenure.claim
drop cascades to table administrative.source_describes_ba_unit
drop cascades to table administrative.source_describes_ba_unit_historic
drop cascades to table administrative.source_describes_rrr
drop cascades to table administrative.source_describes_rrr_historic
drop cascades to function administrative.get_parcel_share(character varying)
drop cascades to function administrative.get_baunit_detail(character varying,character varying)
drop cascades to sequence administrative.cofo_nr_seq
psql:schema/drop_schemas.sql:10: NOTICE:  drop cascades to 31 other objects
DETAIL:  drop cascades to function application.get_concatenated_name(character varying)
drop cascades to function application.get_work_summary(date,date)
drop cascades to function application.getlodgement(character varying,character varying)
drop cascades to function application.getlodgetiming(date,date)
drop cascades to table application.application
drop cascades to table application.service
drop cascades to table application.application_action_type
drop cascades to table application.application_historic
drop cascades to sequence application.application_nr_seq
drop cascades to table application.application_property
drop cascades to table application.application_property_historic
drop cascades to table application.application_spatial_unit
drop cascades to table application.application_spatial_unit_historic
drop cascades to table application.application_status_type
drop cascades to table application.application_uses_source
drop cascades to table application.application_uses_source_historic
drop cascades to table application.notify
drop cascades to table application.notify_property
drop cascades to table application.notify_historic
drop cascades to table application.notify_property_historic
drop cascades to table application.notify_relationship_type
drop cascades to table application.notify_uses_source
drop cascades to table application.notify_uses_source_historic
drop cascades to table application.request_category_type
drop cascades to table application.request_display_group
drop cascades to table application.request_type
drop cascades to table application.request_type_requires_source_type
drop cascades to table application.service_action_type
drop cascades to table application.service_historic
drop cascades to table application.service_status_type
drop cascades to table application.type_action
psql:schema/drop_schemas.sql:11: NOTICE:  drop cascades to 44 other objects
DETAIL:  drop cascades to function opentenure.f_for_trg_set_default()
drop cascades to function opentenure.generate_form_name()
drop cascades to table opentenure.attachment
drop cascades to table opentenure.attachment_chunk
drop cascades to table opentenure.attachment_historic
drop cascades to table opentenure.claim
drop cascades to table opentenure.claim_comment
drop cascades to table opentenure.claim_comment_historic
drop cascades to table opentenure.claim_historic
drop cascades to table opentenure.claim_location
drop cascades to table opentenure.claim_location_historic
drop cascades to sequence opentenure.claim_nr_seq
drop cascades to table opentenure.claim_share
drop cascades to table opentenure.claim_share_historic
drop cascades to table opentenure.claim_status
drop cascades to table opentenure.claim_uses_attachment
drop cascades to table opentenure.claim_uses_attachment_historic
drop cascades to table opentenure.field_constraint
drop cascades to table opentenure.field_constraint_historic
drop cascades to table opentenure.field_constraint_option
drop cascades to table opentenure.field_constraint_option_historic
drop cascades to table opentenure.field_constraint_type
drop cascades to table opentenure.field_payload
drop cascades to table opentenure.field_payload_historic
drop cascades to table opentenure.field_template
drop cascades to table opentenure.field_template_historic
drop cascades to table opentenure.field_type
drop cascades to table opentenure.field_value_type
drop cascades to sequence opentenure.form_nr_seq
drop cascades to table opentenure.form_payload
drop cascades to table opentenure.form_payload_historic
drop cascades to table opentenure.form_template
drop cascades to table opentenure.form_template_historic
drop cascades to table opentenure.party
drop cascades to table opentenure.party_for_claim_share
drop cascades to table opentenure.party_for_claim_share_historic
drop cascades to table opentenure.party_historic
drop cascades to table opentenure.rejection_reason
drop cascades to table opentenure.section_element_payload
drop cascades to table opentenure.section_element_payload_historic
drop cascades to table opentenure.section_payload
drop cascades to table opentenure.section_payload_historic
drop cascades to table opentenure.section_template
drop cascades to table opentenure.section_template_historic
### Running schema\public.sql... 
psql:schema/public.sql:6: ERROR:  syntax error at or near "﻿"
LINE 1: ﻿
        ^
### Running schema\sola_schemas.sql... 
### Running config\business_rules.sql... 
### Running config\reference_tables.sql... 
### Running config\system.sql... 
### Running config\unlocalized_reference_tables.sql... 
### Running config\users.sql... 
### Running extension\01_spatial_config.sql... 
### Running extension\02_sola_populate_shapefiles.sql... 
### Running extension\04_capture_cofo_extension.sql... 
psql:extension/04_capture_cofo_extension.sql:19: NOTICE:  relation "ba_unit_detail_type" already exists, skipping
psql:extension/04_capture_cofo_extension.sql:59: NOTICE:  relation "ba_unit_detail" already exists, skipping
psql:extension/04_capture_cofo_extension.sql:149: NOTICE:  relation "ba_unit_detail_historic" already exists, skipping
### Running extension\05_new_cofo_view.sql... 
### Running extension\06_update_BR_fornewFreeholdTitle.sql... 
### Running extension\07_generate_cofo_nr.sql... 
### Running extension\08_cadastre_object_name_is_valid.sql... 
psql:extension/08_cadastre_object_name_is_valid.sql:2: NOTICE:  constraint "enforce_valid_geom" of relation "spatial_unit_temporary" does not exist, skipping
### Running extension\09_integration_OT_SOLAREG.sql... 
### Running extension\10_dynamic_form.sql... 
### Running extension\11_new_cofo_view.sql... 
psql:extension/11_new_cofo_view.sql:94: NOTICE:  function administrative.get_baunit_detail(pg_catalog.varchar,pg_catalog.varchar,pg_catalog.varchar) does not exist, skipping
Finished at 22:07:38,28 
